0 info it worked if it ends with ok
1 verbose cli [ '/home/ubuntu/.nvm/versions/node/v4.4.3/bin/node',
1 verbose cli   '/home/ubuntu/.nvm/versions/node/v4.4.3/bin/npm',
1 verbose cli   'install',
1 verbose cli   'threejs' ]
2 info using npm@2.15.1
3 info using node@v4.4.3
4 verbose install initial load of /home/ubuntu/workspace/ws_threeJS/package.json
5 warn package.json tjs_wshop@1.0.0 No description
6 warn package.json tjs_wshop@1.0.0 No repository field.
7 warn package.json tjs_wshop@1.0.0 No README data
8 verbose readDependencies loading dependencies from /home/ubuntu/workspace/ws_threeJS/package.json
9 silly cache add args [ 'threejs', null ]
10 verbose cache add spec threejs
11 silly cache add parsed spec Result {
11 silly cache add   raw: 'threejs',
11 silly cache add   scope: null,
11 silly cache add   name: 'threejs',
11 silly cache add   rawSpec: '',
11 silly cache add   spec: 'latest',
11 silly cache add   type: 'tag' }
12 silly addNamed threejs@latest
13 verbose addNamed "latest" is being treated as a dist-tag for threejs
14 info addNameTag [ 'threejs', 'latest' ]
15 silly mapToRegistry name threejs
16 silly mapToRegistry using default registry
17 silly mapToRegistry registry https://registry.npmjs.org/
18 silly mapToRegistry data Result {
18 silly mapToRegistry   raw: 'threejs',
18 silly mapToRegistry   scope: null,
18 silly mapToRegistry   name: 'threejs',
18 silly mapToRegistry   rawSpec: '',
18 silly mapToRegistry   spec: 'latest',
18 silly mapToRegistry   type: 'tag' }
19 silly mapToRegistry uri https://registry.npmjs.org/threejs
20 verbose addNameTag registry:https://registry.npmjs.org/threejs not in flight; fetching
21 verbose request uri https://registry.npmjs.org/threejs
22 verbose request no auth needed
23 info attempt registry request try #1 at 10:23:28 AM
24 verbose request id f980ae6ef12a51eb
25 http request GET https://registry.npmjs.org/threejs
26 http 404 https://registry.npmjs.org/threejs
27 verbose headers { 'content-type': 'application/json',
27 verbose headers   'cache-control': 'max-age=0',
27 verbose headers   'content-length': '2',
27 verbose headers   'accept-ranges': 'bytes',
27 verbose headers   date: 'Sat, 18 Jun 2016 10:23:29 GMT',
27 verbose headers   via: '1.1 varnish',
27 verbose headers   age: '0',
27 verbose headers   connection: 'keep-alive',
27 verbose headers   'x-served-by': 'cache-lhr6336-LHR',
27 verbose headers   'x-cache': 'MISS',
27 verbose headers   'x-cache-hits': '0',
27 verbose headers   'x-timer': 'S1466245408.922277,VS0,VE89',
27 verbose headers   vary: 'Accept-Encoding' }
28 silly get cb [ 404,
28 silly get   { 'content-type': 'application/json',
28 silly get     'cache-control': 'max-age=0',
28 silly get     'content-length': '2',
28 silly get     'accept-ranges': 'bytes',
28 silly get     date: 'Sat, 18 Jun 2016 10:23:29 GMT',
28 silly get     via: '1.1 varnish',
28 silly get     age: '0',
28 silly get     connection: 'keep-alive',
28 silly get     'x-served-by': 'cache-lhr6336-LHR',
28 silly get     'x-cache': 'MISS',
28 silly get     'x-cache-hits': '0',
28 silly get     'x-timer': 'S1466245408.922277,VS0,VE89',
28 silly get     vary: 'Accept-Encoding' } ]
29 verbose stack Error: Registry returned 404 for GET on https://registry.npmjs.org/threejs
29 verbose stack     at makeError (/home/ubuntu/.nvm/versions/node/v4.4.3/lib/node_modules/npm/node_modules/npm-registry-client/lib/request.js:264:12)
29 verbose stack     at CachingRegistryClient.<anonymous> (/home/ubuntu/.nvm/versions/node/v4.4.3/lib/node_modules/npm/node_modules/npm-registry-client/lib/request.js:242:14)
29 verbose stack     at Request._callback (/home/ubuntu/.nvm/versions/node/v4.4.3/lib/node_modules/npm/node_modules/npm-registry-client/lib/request.js:172:14)
29 verbose stack     at Request.self.callback (/home/ubuntu/.nvm/versions/node/v4.4.3/lib/node_modules/npm/node_modules/request/request.js:199:22)
29 verbose stack     at emitTwo (events.js:87:13)
29 verbose stack     at Request.emit (events.js:172:7)
29 verbose stack     at Request.<anonymous> (/home/ubuntu/.nvm/versions/node/v4.4.3/lib/node_modules/npm/node_modules/request/request.js:1036:10)
29 verbose stack     at emitOne (events.js:82:20)
29 verbose stack     at Request.emit (events.js:169:7)
29 verbose stack     at IncomingMessage.<anonymous> (/home/ubuntu/.nvm/versions/node/v4.4.3/lib/node_modules/npm/node_modules/request/request.js:963:12)
30 verbose statusCode 404
31 verbose pkgid threejs
32 verbose cwd /home/ubuntu/workspace/ws_threeJS
33 error Linux 4.2.0-c9
34 error argv "/home/ubuntu/.nvm/versions/node/v4.4.3/bin/node" "/home/ubuntu/.nvm/versions/node/v4.4.3/bin/npm" "install" "threejs"
35 error node v4.4.3
36 error npm  v2.15.1
37 error code E404
38 error 404 Registry returned 404 for GET on https://registry.npmjs.org/threejs
38 error 404
38 error 404 'threejs' is not in the npm registry.
38 error 404 You should bug the author to publish it (or use the name yourself!)
38 error 404 It was specified as a dependency of 'tjs_wshop'
38 error 404
38 error 404 Note that you can also install from a
38 error 404 tarball, folder, http url, or git url.
39 verbose exit [ 1, true ]
